<?xml version="1.0" encoding="UTF-8"?>
<!-- Generated by org.testng.reporters.JUnitReportReporter -->
<testsuite hostname="DESKTOP-OPHQ3EL" failures="0" tests="1" name="TestCases.VerifySignInPOM" time="16.644" errors="0" timestamp="2019-12-29T15:16:19 IST" skipped="0">
  <testcase classname="TestCases.VerifySignInPOM" name="TC" time="16.644"/>
</testsuite> <!-- TestCases.VerifySignInPOM -->
