<?xml version="1.0" encoding="UTF-8"?>
<!-- Generated by org.testng.reporters.JUnitReportReporter -->
<testsuite hostname="DESKTOP-OPHQ3EL" failures="0" tests="1" name="TestCases.VerifySignIn" time="45.237" errors="0" timestamp="2019-12-25T16:22:06 IST" skipped="0">
  <testcase classname="TestCases.VerifySignIn" name="TC" time="45.237"/>
</testsuite> <!-- TestCases.VerifySignIn -->
