<?xml version="1.0" encoding="UTF-8"?>
<!-- Generated by org.testng.reporters.JUnitReportReporter -->
<testsuite hostname="DESKTOP-OPHQ3EL" failures="0" tests="1" name="pages.LoginPage" time="0.017" errors="0" timestamp="2019-12-25T16:02:33 IST" skipped="0">
  <testcase classname="pages.LoginPage" name="testcase" time="0.017"/>
</testsuite> <!-- pages.LoginPage -->
